--------------------------------------------------------------------------------
Release 14.7 Trace  (lin64)
Copyright (c) 1995-2013 Xilinx, Inc.  All rights reserved.

/opt/Xilinx/14.7/ISE_DS/ISE/bin/lin64/unwrapped/trce -intstyle ise -v 3 -s 2 -n
3 -fastpaths -xml rx.twx rx.ncd -o rx.twr rx.pcf -ucf test2.ucf

Design file:              rx.ncd
Physical constraint file: rx.pcf
Device,package,speed:     xc6slx9,tqg144,C,-2 (PRODUCTION 1.23 2016-11-22)
Report level:             verbose report

Environment Variable      Effect 
--------------------      ------ 
NONE                      No environment variables were set
--------------------------------------------------------------------------------

INFO:Timing:2698 - No timing constraints found, doing default enumeration.
INFO:Timing:3412 - To improve timing, see the Timing Closure User Guide (UG612).
INFO:Timing:2752 - To get complete path coverage, use the unconstrained paths 
   option. All paths that are not constrained will be reported in the 
   unconstrained paths section(s) of the report.
INFO:Timing:3339 - The clock-to-out numbers in this timing report are based on 
   a 50 Ohm transmission line loading model.  For the details of this model, 
   and for more information on accounting for different loading conditions, 
   please see the device datasheet.



Data Sheet report:
-----------------
All values displayed in nanoseconds (ns)

Setup/Hold to clock inc
------------+------------+------------+------------+------------+------------------+--------+
            |Max Setup to|  Process   |Max Hold to |  Process   |                  | Clock  |
Source      | clk (edge) |   Corner   | clk (edge) |   Corner   |Internal Clock(s) | Phase  |
------------+------------+------------+------------+------------+------------------+--------+
rxin        |    4.966(R)|      SLOW  |   -2.430(R)|      FAST  |inc_BUFGP         |   0.000|
------------+------------+------------+------------+------------+------------------+--------+

Clock inc to Pad
------------+-----------------+------------+-----------------+------------+------------------+--------+
            |Max (slowest) clk|  Process   |Min (fastest) clk|  Process   |                  | Clock  |
Destination |  (edge) to PAD  |   Corner   |  (edge) to PAD  |   Corner   |Internal Clock(s) | Phase  |
------------+-----------------+------------+-----------------+------------+------------------+--------+
count<0>    |        10.327(R)|      SLOW  |         4.449(R)|      FAST  |inc_BUFGP         |   0.000|
count<1>    |        10.181(R)|      SLOW  |         4.354(R)|      FAST  |inc_BUFGP         |   0.000|
count<2>    |        10.133(R)|      SLOW  |         4.306(R)|      FAST  |inc_BUFGP         |   0.000|
count<3>    |        10.369(R)|      SLOW  |         4.428(R)|      FAST  |inc_BUFGP         |   0.000|
count<4>    |        10.175(R)|      SLOW  |         4.368(R)|      FAST  |inc_BUFGP         |   0.000|
count<5>    |        10.079(R)|      SLOW  |         4.309(R)|      FAST  |inc_BUFGP         |   0.000|
count<6>    |         9.621(R)|      SLOW  |         4.071(R)|      FAST  |inc_BUFGP         |   0.000|
count<7>    |         9.897(R)|      SLOW  |         4.229(R)|      FAST  |inc_BUFGP         |   0.000|
------------+-----------------+------------+-----------------+------------+------------------+--------+

Clock to Setup on destination clock inc
---------------+---------+---------+---------+---------+
               | Src:Rise| Src:Fall| Src:Rise| Src:Fall|
Source Clock   |Dest:Rise|Dest:Rise|Dest:Fall|Dest:Fall|
---------------+---------+---------+---------+---------+
inc            |    3.872|         |         |         |
---------------+---------+---------+---------+---------+


Analysis completed Fri Jan 11 21:47:25 2019 
--------------------------------------------------------------------------------

Trace Settings:
-------------------------
Trace Settings 

Peak Memory Usage: 383 MB



