--------------------------------------------------------------------------------
Release 14.7 Trace  (lin64)
Copyright (c) 1995-2013 Xilinx, Inc.  All rights reserved.

/opt/Xilinx/14.7/ISE_DS/ISE/bin/lin64/unwrapped/trce -intstyle ise -v 3 -s 3 -n
3 -fastpaths -xml rx.twx rx.ncd -o rx.twr rx.pcf

Design file:              rx.ncd
Physical constraint file: rx.pcf
Device,package,speed:     xc6slx9,tqg144,C,-3 (PRODUCTION 1.23 2016-11-22)
Report level:             verbose report

Environment Variable      Effect 
--------------------      ------ 
NONE                      No environment variables were set
--------------------------------------------------------------------------------

INFO:Timing:2698 - No timing constraints found, doing default enumeration.
INFO:Timing:3412 - To improve timing, see the Timing Closure User Guide (UG612).
INFO:Timing:2752 - To get complete path coverage, use the unconstrained paths 
   option. All paths that are not constrained will be reported in the 
   unconstrained paths section(s) of the report.
INFO:Timing:3339 - The clock-to-out numbers in this timing report are based on 
   a 50 Ohm transmission line loading model.  For the details of this model, 
   and for more information on accounting for different loading conditions, 
   please see the device datasheet.



Data Sheet report:
-----------------
All values displayed in nanoseconds (ns)

Setup/Hold to clock clk
------------+------------+------------+------------+------------+------------------+--------+
            |Max Setup to|  Process   |Max Hold to |  Process   |                  | Clock  |
Source      | clk (edge) |   Corner   | clk (edge) |   Corner   |Internal Clock(s) | Phase  |
------------+------------+------------+------------+------------+------------------+--------+
rx          |    0.981(R)|      SLOW  |   -0.087(R)|      SLOW  |clk_BUFGP         |   0.000|
------------+------------+------------+------------+------------+------------------+--------+

Clock clk to Pad
------------+-----------------+------------+-----------------+------------+------------------+--------+
            |Max (slowest) clk|  Process   |Min (fastest) clk|  Process   |                  | Clock  |
Destination |  (edge) to PAD  |   Corner   |  (edge) to PAD  |   Corner   |Internal Clock(s) | Phase  |
------------+-----------------+------------+-----------------+------------+------------------+--------+
b           |         7.529(R)|      SLOW  |         4.043(R)|      FAST  |clk_BUFGP         |   0.000|
rxbyte<0>   |         7.501(R)|      SLOW  |         3.974(R)|      FAST  |clk_BUFGP         |   0.000|
rxbyte<1>   |         7.357(R)|      SLOW  |         3.899(R)|      FAST  |clk_BUFGP         |   0.000|
rxbyte<2>   |         7.343(R)|      SLOW  |         3.859(R)|      FAST  |clk_BUFGP         |   0.000|
rxbyte<3>   |         7.152(R)|      SLOW  |         3.770(R)|      FAST  |clk_BUFGP         |   0.000|
rxbyte<4>   |         7.150(R)|      SLOW  |         3.788(R)|      FAST  |clk_BUFGP         |   0.000|
rxbyte<5>   |         6.966(R)|      SLOW  |         3.656(R)|      FAST  |clk_BUFGP         |   0.000|
rxbyte<6>   |         7.453(R)|      SLOW  |         3.981(R)|      FAST  |clk_BUFGP         |   0.000|
rxbyte<7>   |         7.377(R)|      SLOW  |         3.939(R)|      FAST  |clk_BUFGP         |   0.000|
------------+-----------------+------------+-----------------+------------+------------------+--------+

Clock to Setup on destination clock clk
---------------+---------+---------+---------+---------+
               | Src:Rise| Src:Fall| Src:Rise| Src:Fall|
Source Clock   |Dest:Rise|Dest:Rise|Dest:Fall|Dest:Fall|
---------------+---------+---------+---------+---------+
clk            |    3.467|         |         |         |
---------------+---------+---------+---------+---------+


Analysis completed Sun Nov  4 00:44:00 2018 
--------------------------------------------------------------------------------

Trace Settings:
-------------------------
Trace Settings 

Peak Memory Usage: 382 MB



